::1 - - [23/Jun/2022:04:11:06 +0000] "OPTIONS /api/user HTTP/1.1" 204 0 "http://localhost:3000/" "Mozilla/5.0 (X11; Linux x86_64) AppleWebKit/537.36 (KHTML, like Gecko) Chrome/102.0.5005.115 Safari/537.36"
::1 - - [23/Jun/2022:04:11:06 +0000] "GET /api/user HTTP/1.1" 401 41 "http://localhost:3000/" "Mozilla/5.0 (X11; Linux x86_64) AppleWebKit/537.36 (KHTML, like Gecko) Chrome/102.0.5005.115 Safari/537.36"
::1 - - [23/Jun/2022:04:11:13 +0000] "OPTIONS /api/user HTTP/1.1" 204 0 "http://localhost:3000/" "Mozilla/5.0 (X11; Linux x86_64) AppleWebKit/537.36 (KHTML, like Gecko) Chrome/102.0.5005.115 Safari/537.36"
::1 - - [23/Jun/2022:04:11:13 +0000] "GET /api/user HTTP/1.1" 401 41 "http://localhost:3000/" "Mozilla/5.0 (X11; Linux x86_64) AppleWebKit/537.36 (KHTML, like Gecko) Chrome/102.0.5005.115 Safari/537.36"
::1 - - [23/Jun/2022:04:11:19 +0000] "OPTIONS /api/login HTTP/1.1" 204 0 "http://localhost:3000/" "Mozilla/5.0 (X11; Linux x86_64) AppleWebKit/537.36 (KHTML, like Gecko) Chrome/102.0.5005.115 Safari/537.36"
::1 - - [23/Jun/2022:04:11:19 +0000] "POST /api/login HTTP/1.1" 500 3 "http://localhost:3000/" "Mozilla/5.0 (X11; Linux x86_64) AppleWebKit/537.36 (KHTML, like Gecko) Chrome/102.0.5005.115 Safari/537.36"
::1 - - [23/Jun/2022:04:11:27 +0000] "OPTIONS /api/login HTTP/1.1" 204 0 "http://localhost:3000/" "Mozilla/5.0 (X11; Linux x86_64) AppleWebKit/537.36 (KHTML, like Gecko) Chrome/102.0.5005.115 Safari/537.36"
::1 - - [23/Jun/2022:04:11:27 +0000] "POST /api/login HTTP/1.1" 500 3 "http://localhost:3000/" "Mozilla/5.0 (X11; Linux x86_64) AppleWebKit/537.36 (KHTML, like Gecko) Chrome/102.0.5005.115 Safari/537.36"
::1 - - [23/Jun/2022:04:11:28 +0000] "POST /api/login HTTP/1.1" 500 3 "http://localhost:3000/" "Mozilla/5.0 (X11; Linux x86_64) AppleWebKit/537.36 (KHTML, like Gecko) Chrome/102.0.5005.115 Safari/537.36"
::1 - - [23/Jun/2022:04:11:28 +0000] "POST /api/login HTTP/1.1" 500 3 "http://localhost:3000/" "Mozilla/5.0 (X11; Linux x86_64) AppleWebKit/537.36 (KHTML, like Gecko) Chrome/102.0.5005.115 Safari/537.36"
::1 - - [23/Jun/2022:04:11:28 +0000] "POST /api/login HTTP/1.1" 500 3 "http://localhost:3000/" "Mozilla/5.0 (X11; Linux x86_64) AppleWebKit/537.36 (KHTML, like Gecko) Chrome/102.0.5005.115 Safari/537.36"
::1 - - [23/Jun/2022:04:11:28 +0000] "POST /api/login HTTP/1.1" 500 3 "http://localhost:3000/" "Mozilla/5.0 (X11; Linux x86_64) AppleWebKit/537.36 (KHTML, like Gecko) Chrome/102.0.5005.115 Safari/537.36"
::1 - - [23/Jun/2022:04:11:29 +0000] "POST /api/login HTTP/1.1" 500 3 "http://localhost:3000/" "Mozilla/5.0 (X11; Linux x86_64) AppleWebKit/537.36 (KHTML, like Gecko) Chrome/102.0.5005.115 Safari/537.36"
::1 - - [23/Jun/2022:04:11:29 +0000] "POST /api/login HTTP/1.1" 500 3 "http://localhost:3000/" "Mozilla/5.0 (X11; Linux x86_64) AppleWebKit/537.36 (KHTML, like Gecko) Chrome/102.0.5005.115 Safari/537.36"
::1 - - [23/Jun/2022:04:11:29 +0000] "POST /api/login HTTP/1.1" 500 3 "http://localhost:3000/" "Mozilla/5.0 (X11; Linux x86_64) AppleWebKit/537.36 (KHTML, like Gecko) Chrome/102.0.5005.115 Safari/537.36"
::1 - - [23/Jun/2022:04:11:29 +0000] "POST /api/login HTTP/1.1" 500 3 "http://localhost:3000/" "Mozilla/5.0 (X11; Linux x86_64) AppleWebKit/537.36 (KHTML, like Gecko) Chrome/102.0.5005.115 Safari/537.36"
::1 - - [23/Jun/2022:04:11:29 +0000] "POST /api/login HTTP/1.1" 500 3 "http://localhost:3000/" "Mozilla/5.0 (X11; Linux x86_64) AppleWebKit/537.36 (KHTML, like Gecko) Chrome/102.0.5005.115 Safari/537.36"
::1 - - [23/Jun/2022:04:11:29 +0000] "POST /api/login HTTP/1.1" 500 3 "http://localhost:3000/" "Mozilla/5.0 (X11; Linux x86_64) AppleWebKit/537.36 (KHTML, like Gecko) Chrome/102.0.5005.115 Safari/537.36"
::1 - - [23/Jun/2022:04:11:30 +0000] "POST /api/login HTTP/1.1" 500 3 "http://localhost:3000/" "Mozilla/5.0 (X11; Linux x86_64) AppleWebKit/537.36 (KHTML, like Gecko) Chrome/102.0.5005.115 Safari/537.36"
::1 - - [23/Jun/2022:04:11:30 +0000] "POST /api/login HTTP/1.1" 500 3 "http://localhost:3000/" "Mozilla/5.0 (X11; Linux x86_64) AppleWebKit/537.36 (KHTML, like Gecko) Chrome/102.0.5005.115 Safari/537.36"
::1 - - [23/Jun/2022:04:11:30 +0000] "POST /api/login HTTP/1.1" 500 3 "http://localhost:3000/" "Mozilla/5.0 (X11; Linux x86_64) AppleWebKit/537.36 (KHTML, like Gecko) Chrome/102.0.5005.115 Safari/537.36"
::1 - - [23/Jun/2022:04:11:30 +0000] "POST /api/login HTTP/1.1" 500 3 "http://localhost:3000/" "Mozilla/5.0 (X11; Linux x86_64) AppleWebKit/537.36 (KHTML, like Gecko) Chrome/102.0.5005.115 Safari/537.36"
::1 - - [23/Jun/2022:04:11:30 +0000] "POST /api/login HTTP/1.1" 500 3 "http://localhost:3000/" "Mozilla/5.0 (X11; Linux x86_64) AppleWebKit/537.36 (KHTML, like Gecko) Chrome/102.0.5005.115 Safari/537.36"
::1 - - [23/Jun/2022:04:11:30 +0000] "POST /api/login HTTP/1.1" 500 3 "http://localhost:3000/" "Mozilla/5.0 (X11; Linux x86_64) AppleWebKit/537.36 (KHTML, like Gecko) Chrome/102.0.5005.115 Safari/537.36"
::1 - - [23/Jun/2022:04:11:30 +0000] "POST /api/login HTTP/1.1" 500 3 "http://localhost:3000/" "Mozilla/5.0 (X11; Linux x86_64) AppleWebKit/537.36 (KHTML, like Gecko) Chrome/102.0.5005.115 Safari/537.36"
::1 - - [23/Jun/2022:04:11:31 +0000] "POST /api/login HTTP/1.1" 500 3 "http://localhost:3000/" "Mozilla/5.0 (X11; Linux x86_64) AppleWebKit/537.36 (KHTML, like Gecko) Chrome/102.0.5005.115 Safari/537.36"
::1 - - [23/Jun/2022:04:11:31 +0000] "POST /api/login HTTP/1.1" 500 3 "http://localhost:3000/" "Mozilla/5.0 (X11; Linux x86_64) AppleWebKit/537.36 (KHTML, like Gecko) Chrome/102.0.5005.115 Safari/537.36"
::1 - - [23/Jun/2022:04:11:32 +0000] "OPTIONS /api/user HTTP/1.1" 204 0 "http://localhost:3000/" "Mozilla/5.0 (X11; Linux x86_64) AppleWebKit/537.36 (KHTML, like Gecko) Chrome/102.0.5005.115 Safari/537.36"
::1 - - [23/Jun/2022:04:11:32 +0000] "GET /api/user HTTP/1.1" 401 41 "http://localhost:3000/" "Mozilla/5.0 (X11; Linux x86_64) AppleWebKit/537.36 (KHTML, like Gecko) Chrome/102.0.5005.115 Safari/537.36"
::1 - - [23/Jun/2022:04:11:37 +0000] "GET /api/maestros/listaAlumnosFueraCurso HTTP/1.1" 403 43 "-" "Mozilla/5.0 (X11; Linux x86_64) AppleWebKit/537.36 (KHTML, like Gecko) Chrome/102.0.5005.115 Safari/537.36"
::1 - - [23/Jun/2022:04:11:38 +0000] "GET /images/icons/gear.png HTTP/1.1" 404 160 "http://localhost:8000/api/maestros/listaAlumnosFueraCurso" "Mozilla/5.0 (X11; Linux x86_64) AppleWebKit/537.36 (KHTML, like Gecko) Chrome/102.0.5005.115 Safari/537.36"
::1 - - [23/Jun/2022:04:11:38 +0000] "GET /favicon.ico HTTP/1.1" 404 150 "http://localhost:8000/api/maestros/listaAlumnosFueraCurso" "Mozilla/5.0 (X11; Linux x86_64) AppleWebKit/537.36 (KHTML, like Gecko) Chrome/102.0.5005.115 Safari/537.36"
::1 - - [23/Jun/2022:04:12:03 +0000] "GET /api/maestros/listaAlumnosFueraCurso HTTP/1.1" 403 43 "-" "Mozilla/5.0 (X11; Linux x86_64) AppleWebKit/537.36 (KHTML, like Gecko) Chrome/102.0.5005.115 Safari/537.36"
::1 - - [23/Jun/2022:04:12:03 +0000] "GET /images/icons/gear.png HTTP/1.1" 404 160 "http://localhost:8000/api/maestros/listaAlumnosFueraCurso" "Mozilla/5.0 (X11; Linux x86_64) AppleWebKit/537.36 (KHTML, like Gecko) Chrome/102.0.5005.115 Safari/537.36"
::1 - - [23/Jun/2022:04:12:16 +0000] "OPTIONS /api/login HTTP/1.1" 204 0 "http://localhost:3000/" "Mozilla/5.0 (X11; Linux x86_64) AppleWebKit/537.36 (KHTML, like Gecko) Chrome/102.0.5005.115 Safari/537.36"
::1 - - [23/Jun/2022:04:12:16 +0000] "POST /api/login HTTP/1.1" 500 3 "http://localhost:3000/" "Mozilla/5.0 (X11; Linux x86_64) AppleWebKit/537.36 (KHTML, like Gecko) Chrome/102.0.5005.115 Safari/537.36"
::1 - - [23/Jun/2022:04:14:13 +0000] "GET /api/user HTTP/1.1" 403 43 "http://localhost:3000/" "Mozilla/5.0 (X11; Linux x86_64) AppleWebKit/537.36 (KHTML, like Gecko) Chrome/102.0.5005.115 Safari/537.36"
::1 - - [23/Jun/2022:04:14:30 +0000] "OPTIONS /api/login HTTP/1.1" 204 0 "http://localhost:3000/" "Mozilla/5.0 (X11; Linux x86_64) AppleWebKit/537.36 (KHTML, like Gecko) Chrome/102.0.5005.115 Safari/537.36"
::1 - - [23/Jun/2022:04:14:31 +0000] "POST /api/login HTTP/1.1" 200 267 "http://localhost:3000/" "Mozilla/5.0 (X11; Linux x86_64) AppleWebKit/537.36 (KHTML, like Gecko) Chrome/102.0.5005.115 Safari/537.36"
::1 - - [23/Jun/2022:04:14:31 +0000] "OPTIONS /api/user HTTP/1.1" 204 0 "http://localhost:3000/" "Mozilla/5.0 (X11; Linux x86_64) AppleWebKit/537.36 (KHTML, like Gecko) Chrome/102.0.5005.115 Safari/537.36"
::1 - - [23/Jun/2022:04:14:31 +0000] "GET /api/user HTTP/1.1" 200 189 "http://localhost:3000/" "Mozilla/5.0 (X11; Linux x86_64) AppleWebKit/537.36 (KHTML, like Gecko) Chrome/102.0.5005.115 Safari/537.36"
::1 - - [23/Jun/2022:04:14:31 +0000] "OPTIONS /api/alumnos/misCursosLista HTTP/1.1" 204 0 "http://localhost:3000/" "Mozilla/5.0 (X11; Linux x86_64) AppleWebKit/537.36 (KHTML, like Gecko) Chrome/102.0.5005.115 Safari/537.36"
::1 - - [23/Jun/2022:04:14:31 +0000] "GET /api/alumnos/misCursosLista HTTP/1.1" 304 - "http://localhost:3000/" "Mozilla/5.0 (X11; Linux x86_64) AppleWebKit/537.36 (KHTML, like Gecko) Chrome/102.0.5005.115 Safari/537.36"
::1 - - [23/Jun/2022:04:14:37 +0000] "OPTIONS /api/maestros/infoCurso?id_curso=37fd1765-c5a4-4bc1-84ea-dbd88e5ff892 HTTP/1.1" 204 0 "http://localhost:3000/" "Mozilla/5.0 (X11; Linux x86_64) AppleWebKit/537.36 (KHTML, like Gecko) Chrome/102.0.5005.115 Safari/537.36"
::1 - - [23/Jun/2022:04:14:38 +0000] "GET /api/maestros/infoCurso?id_curso=37fd1765-c5a4-4bc1-84ea-dbd88e5ff892 HTTP/1.1" 304 - "http://localhost:3000/" "Mozilla/5.0 (X11; Linux x86_64) AppleWebKit/537.36 (KHTML, like Gecko) Chrome/102.0.5005.115 Safari/537.36"
::1 - - [23/Jun/2022:04:14:38 +0000] "OPTIONS /api/alumnos/listaEjerciciosCursoMoreEjercicios?id_curso=37fd1765-c5a4-4bc1-84ea-dbd88e5ff892 HTTP/1.1" 204 0 "http://localhost:3000/" "Mozilla/5.0 (X11; Linux x86_64) AppleWebKit/537.36 (KHTML, like Gecko) Chrome/102.0.5005.115 Safari/537.36"
::1 - - [23/Jun/2022:04:14:38 +0000] "GET /api/alumnos/listaEjerciciosCursoMoreEjercicios?id_curso=37fd1765-c5a4-4bc1-84ea-dbd88e5ff892 HTTP/1.1" 304 - "http://localhost:3000/" "Mozilla/5.0 (X11; Linux x86_64) AppleWebKit/537.36 (KHTML, like Gecko) Chrome/102.0.5005.115 Safari/537.36"
::1 - - [23/Jun/2022:04:14:47 +0000] "OPTIONS /api/user HTTP/1.1" 204 0 "http://localhost:3000/" "Mozilla/5.0 (X11; Linux x86_64) AppleWebKit/537.36 (KHTML, like Gecko) Chrome/102.0.5005.115 Safari/537.36"
::1 - - [23/Jun/2022:04:14:47 +0000] "GET /api/user HTTP/1.1" 304 - "http://localhost:3000/" "Mozilla/5.0 (X11; Linux x86_64) AppleWebKit/537.36 (KHTML, like Gecko) Chrome/102.0.5005.115 Safari/537.36"
::1 - - [23/Jun/2022:04:14:47 +0000] "OPTIONS /api/alumnos/misCursosLista HTTP/1.1" 204 0 "http://localhost:3000/" "Mozilla/5.0 (X11; Linux x86_64) AppleWebKit/537.36 (KHTML, like Gecko) Chrome/102.0.5005.115 Safari/537.36"
::1 - - [23/Jun/2022:04:14:47 +0000] "GET /api/alumnos/misCursosLista HTTP/1.1" 304 - "http://localhost:3000/" "Mozilla/5.0 (X11; Linux x86_64) AppleWebKit/537.36 (KHTML, like Gecko) Chrome/102.0.5005.115 Safari/537.36"
::1 - - [23/Jun/2022:04:14:51 +0000] "OPTIONS /api/maestros/infoCurso?id_curso=c4625edb-d809-45ca-8f3a-06f4bce719ec HTTP/1.1" 204 0 "http://localhost:3000/" "Mozilla/5.0 (X11; Linux x86_64) AppleWebKit/537.36 (KHTML, like Gecko) Chrome/102.0.5005.115 Safari/537.36"
::1 - - [23/Jun/2022:04:14:51 +0000] "GET /api/maestros/infoCurso?id_curso=c4625edb-d809-45ca-8f3a-06f4bce719ec HTTP/1.1" 200 92 "http://localhost:3000/" "Mozilla/5.0 (X11; Linux x86_64) AppleWebKit/537.36 (KHTML, like Gecko) Chrome/102.0.5005.115 Safari/537.36"
::1 - - [23/Jun/2022:04:14:51 +0000] "OPTIONS /api/alumnos/listaEjerciciosCursoMoreEjercicios?id_curso=c4625edb-d809-45ca-8f3a-06f4bce719ec HTTP/1.1" 204 0 "http://localhost:3000/" "Mozilla/5.0 (X11; Linux x86_64) AppleWebKit/537.36 (KHTML, like Gecko) Chrome/102.0.5005.115 Safari/537.36"
::1 - - [23/Jun/2022:04:14:51 +0000] "GET /api/alumnos/listaEjerciciosCursoMoreEjercicios?id_curso=c4625edb-d809-45ca-8f3a-06f4bce719ec HTTP/1.1" 200 243 "http://localhost:3000/" "Mozilla/5.0 (X11; Linux x86_64) AppleWebKit/537.36 (KHTML, like Gecko) Chrome/102.0.5005.115 Safari/537.36"
::1 - - [23/Jun/2022:04:14:52 +0000] "OPTIONS /api/alumnos/ejercicioMisRespuestas?id_ejercicio=87e66ec4-086b-4343-ae23-78a07e93987d HTTP/1.1" 204 0 "http://localhost:3000/" "Mozilla/5.0 (X11; Linux x86_64) AppleWebKit/537.36 (KHTML, like Gecko) Chrome/102.0.5005.115 Safari/537.36"
::1 - - [23/Jun/2022:04:14:52 +0000] "GET /api/alumnos/ejercicioMisRespuestas?id_ejercicio=87e66ec4-086b-4343-ae23-78a07e93987d HTTP/1.1" 200 731 "http://localhost:3000/" "Mozilla/5.0 (X11; Linux x86_64) AppleWebKit/537.36 (KHTML, like Gecko) Chrome/102.0.5005.115 Safari/537.36"
::1 - - [23/Jun/2022:04:14:52 +0000] "OPTIONS /api/alumnos/infoEjercicio?id_ejercicio=87e66ec4-086b-4343-ae23-78a07e93987d HTTP/1.1" 204 0 "http://localhost:3000/" "Mozilla/5.0 (X11; Linux x86_64) AppleWebKit/537.36 (KHTML, like Gecko) Chrome/102.0.5005.115 Safari/537.36"
::1 - - [23/Jun/2022:04:14:52 +0000] "GET /api/alumnos/infoEjercicio?id_ejercicio=87e66ec4-086b-4343-ae23-78a07e93987d HTTP/1.1" 200 562 "http://localhost:3000/" "Mozilla/5.0 (X11; Linux x86_64) AppleWebKit/537.36 (KHTML, like Gecko) Chrome/102.0.5005.115 Safari/537.36"
::1 - - [23/Jun/2022:04:15:11 +0000] "OPTIONS /api/alumnos/procesarIntentoEjercicio HTTP/1.1" 204 0 "http://localhost:3000/" "Mozilla/5.0 (X11; Linux x86_64) AppleWebKit/537.36 (KHTML, like Gecko) Chrome/102.0.5005.115 Safari/537.36"
::1 - - [23/Jun/2022:04:15:11 +0000] "POST /api/alumnos/procesarIntentoEjercicio HTTP/1.1" 200 2 "http://localhost:3000/" "Mozilla/5.0 (X11; Linux x86_64) AppleWebKit/537.36 (KHTML, like Gecko) Chrome/102.0.5005.115 Safari/537.36"
::1 - - [23/Jun/2022:04:15:14 +0000] "OPTIONS /api/user HTTP/1.1" 204 0 "http://localhost:3000/" "Mozilla/5.0 (X11; Linux x86_64) AppleWebKit/537.36 (KHTML, like Gecko) Chrome/102.0.5005.115 Safari/537.36"
::1 - - [23/Jun/2022:04:15:14 +0000] "GET /api/user HTTP/1.1" 304 - "http://localhost:3000/" "Mozilla/5.0 (X11; Linux x86_64) AppleWebKit/537.36 (KHTML, like Gecko) Chrome/102.0.5005.115 Safari/537.36"
::1 - - [23/Jun/2022:04:15:14 +0000] "OPTIONS /api/alumnos/ejercicioMisRespuestas?id_ejercicio=87e66ec4-086b-4343-ae23-78a07e93987d HTTP/1.1" 204 0 "http://localhost:3000/" "Mozilla/5.0 (X11; Linux x86_64) AppleWebKit/537.36 (KHTML, like Gecko) Chrome/102.0.5005.115 Safari/537.36"
::1 - - [23/Jun/2022:04:15:14 +0000] "GET /api/alumnos/ejercicioMisRespuestas?id_ejercicio=87e66ec4-086b-4343-ae23-78a07e93987d HTTP/1.1" 200 974 "http://localhost:3000/" "Mozilla/5.0 (X11; Linux x86_64) AppleWebKit/537.36 (KHTML, like Gecko) Chrome/102.0.5005.115 Safari/537.36"
::1 - - [23/Jun/2022:04:15:14 +0000] "OPTIONS /api/alumnos/infoEjercicio?id_ejercicio=87e66ec4-086b-4343-ae23-78a07e93987d HTTP/1.1" 204 0 "http://localhost:3000/" "Mozilla/5.0 (X11; Linux x86_64) AppleWebKit/537.36 (KHTML, like Gecko) Chrome/102.0.5005.115 Safari/537.36"
::1 - - [23/Jun/2022:04:15:14 +0000] "GET /api/alumnos/infoEjercicio?id_ejercicio=87e66ec4-086b-4343-ae23-78a07e93987d HTTP/1.1" 304 - "http://localhost:3000/" "Mozilla/5.0 (X11; Linux x86_64) AppleWebKit/537.36 (KHTML, like Gecko) Chrome/102.0.5005.115 Safari/537.36"
::1 - - [23/Jun/2022:04:15:22 +0000] "GET /api/user HTTP/1.1" 403 43 "http://localhost:3000/" "Mozilla/5.0 (X11; Linux x86_64) AppleWebKit/537.36 (KHTML, like Gecko) Chrome/102.0.5005.115 Safari/537.36"
